<?xml version="1.0" encoding="UTF-8"?>
<testsuite name="com.ecohub.concurrencylab.ui.device.DeviceViewModelTest" tests="7" skipped="0" failures="0" errors="0" timestamp="2026-01-20T11:09:41.114Z" hostname="jahbies-MBP.fritz.box" time="0.188">
  <properties/>
  <testcase name="temperature input updates ui state" classname="com.ecohub.concurrencylab.ui.device.DeviceViewModelTest" time="0.166"/>
  <testcase name="set temperature updates repository and ui state" classname="com.ecohub.concurrencylab.ui.device.DeviceViewModelTest" time="0.01"/>
  <testcase name="force overwrite resolves conflict and clears dialog" classname="com.ecohub.concurrencylab.ui.device.DeviceViewModelTest" time="0.003"/>
  <testcase name="initial state reflects repository temperature and preferences" classname="com.ecohub.concurrencylab.ui.device.DeviceViewModelTest" time="0.003"/>
  <testcase name="conflict in collaborative mode emits snackbar instead of dialog" classname="com.ecohub.concurrencylab.ui.device.DeviceViewModelTest" time="0.002"/>
  <testcase name="invalid temperature input emits snackbar effect" classname="com.ecohub.concurrencylab.ui.device.DeviceViewModelTest" time="0.002"/>
  <testcase name="collaborative mode toggle updates state and preferences" classname="com.ecohub.concurrencylab.ui.device.DeviceViewModelTest" time="0.002"/>
  <system-out><![CDATA[]]></system-out>
  <system-err><![CDATA[]]></system-err>
</testsuite>
