<?xml version="1.0" encoding="UTF-8"?>
<testsuite name="com.ecohub.concurrencylab.data.repository.FakeDeviceRepositoryTest" tests="4" skipped="0" failures="0" errors="0" timestamp="2026-01-19T16:18:03.592Z" hostname="jahbies-MBP.fritz.box" time="0.203">
  <properties/>
  <testcase name="user update conflicts when technician advanced version" classname="com.ecohub.concurrencylab.data.repository.FakeDeviceRepositoryTest" time="0.193"/>
  <testcase name="setTemperature updates state when version matches" classname="com.ecohub.concurrencylab.data.repository.FakeDeviceRepositoryTest" time="0.002"/>
  <testcase name="setTemperature throws conflict when version mismatches" classname="com.ecohub.concurrencylab.data.repository.FakeDeviceRepositoryTest" time="0.002"/>
  <testcase name="technician job updates temperature and increments version" classname="com.ecohub.concurrencylab.data.repository.FakeDeviceRepositoryTest" time="0.003"/>
  <system-out><![CDATA[]]></system-out>
  <system-err><![CDATA[]]></system-err>
</testsuite>
